<?xml version="1.0" encoding="UTF-8"?>
<testng-results ignored="0" total="1" passed="1" failed="0" skipped="0">
  <reporter-output>
  </reporter-output>
  <suite started-at="2018-09-11T12:25:58Z" name="Default suite" finished-at="2018-09-11T12:26:26Z" duration-ms="27881">
    <groups>
    </groups>
    <test started-at="2018-09-11T12:25:58Z" name="Default test" finished-at="2018-09-11T12:26:26Z" duration-ms="27881">
      <class name="testcases.TC002">
        <test-method signature="testCase2()[pri:0, instance:testcases.TC002@75db5df9]" started-at="2018-09-11T12:25:58Z" name="testCase2" finished-at="2018-09-11T12:26:26Z" duration-ms="27834" status="PASS">
          <reporter-output>
          </reporter-output>
        </test-method> <!-- testCase2 -->
      </class> <!-- testcases.TC002 -->
    </test> <!-- Default test -->
  </suite> <!-- Default suite -->
</testng-results>
